<?xml version="1.0" encoding="UTF-8" ?>
<testsuite tests="6" failures="0" name="com.it.iths.TestRunner" time="199.462" errors="0" skipped="0">
  <properties>
[...]
</properties>
  <testcase classname="User clicks on Art category and uses filter optins" name="User navigates to Art Category" time="94.611"/>
  <testcase classname="User clicks on Art category and uses filter optins" name="User filters by Composition" time="18.773"/>
  <testcase classname="User clicks on Art category and uses filter optins" name="User filters by Brand" time="27.143"/>
  <testcase classname="User clicks on Art category and uses filter optins" name="User filters by Dimension options #1" time="20.084"/>
  <testcase classname="User clicks on Art category and uses filter optins" name="User filters by Dimension options #2" time="20.953"/>
  <testcase classname="User clicks on Art category and uses filter optins" name="User filters by Dimension options #3" time="17.898"/>
</testsuite>